<?xml version="1.0" encoding="UTF-8"?>
<!-- Generated by org.testng.reporters.JUnitReportReporter -->
<testsuite hostname="DESKTOP-K4OMS1L" failures="0" tests="2" name="testNGAdvancedFeatures.TestNG_Grouping" time="0.015" errors="0" timestamp="29 Sep 2018 14:56:53 GMT" skipped="0">
  <testcase classname="testNGAdvancedFeatures.TestNG_Grouping" name="testNinja" time="0.000"/>
  <testcase classname="testNGAdvancedFeatures.TestNG_Grouping" name="testHondaCBR" time="0.015"/>
</testsuite> <!-- testNGAdvancedFeatures.TestNG_Grouping -->
