<?xml version="1.0" encoding="UTF-8"?>
<!-- Generated by org.testng.reporters.JUnitReportReporter -->
<testsuite skipped="0" hostname="DESKTOP-K4OMS1L" name="testNG.TestNG_TestClass1" tests="2" failures="0" timestamp="01 Mar 2019 02:39:52 GMT" time="0.000" errors="0">
  <testcase name="testMethod2" time="0.000" classname="testNG.TestNG_TestClass1"/>
  <testcase name="testMethod1" time="0.000" classname="testNG.TestNG_TestClass1"/>
</testsuite> <!-- testNG.TestNG_TestClass1 -->
