<?xml version="1.0" encoding="UTF-8"?>
<!-- Generated by org.testng.reporters.JUnitReportReporter -->
<testsuite hostname="DESKTOP-K4OMS1L" failures="0" tests="1" name="ExtentReport.SeleniumLoginTest" time="5.205" errors="0" timestamp="20 Dec 2018 03:43:32 GMT" skipped="0">
  <testcase classname="ExtentReport.SeleniumLoginTest" name="test1_validLoginTest" time="5.205"/>
</testsuite> <!-- ExtentReport.SeleniumLoginTest -->
