<?xml version="1.0" encoding="UTF-8"?>
<!-- Generated by org.testng.reporters.JUnitReportReporter -->
<testsuite skipped="0" hostname="DESKTOP-K4OMS1L" name="testNGAdvancedFeatures.TestNG_Preserve1" tests="4" failures="0" timestamp="01 Mar 2019 02:25:52 GMT" time="0.015" errors="0">
  <testcase name="testMethod1" time="0.015" classname="testNGAdvancedFeatures.TestNG_Preserve1"/>
  <testcase name="testMethod1" time="0.000" classname="testNGAdvancedFeatures.TestNG_Preserve1"/>
  <testcase name="testMethod2" time="0.000" classname="testNGAdvancedFeatures.TestNG_Preserve1"/>
  <testcase name="testMethod2" time="0.000" classname="testNGAdvancedFeatures.TestNG_Preserve1"/>
</testsuite> <!-- testNGAdvancedFeatures.TestNG_Preserve1 -->
