<?xml version="1.0" encoding="UTF-8"?>
<!-- Generated by org.testng.reporters.JUnitReportReporter -->
<testsuite skipped="1" hostname="DESKTOP-K4OMS1L" name="testNG.TestNG_TestClass2" tests="2" failures="0" timestamp="01 Mar 2019 02:38:34 GMT" time="0.000" errors="0">
  <testcase name="testMethod1" time="0.000" classname="testNG.TestNG_TestClass2"/>
  <testcase name="testMethod2" classname="testNG.TestNG_TestClass2">
    <skipped/>
  </testcase> <!-- testMethod2 -->
</testsuite> <!-- testNG.TestNG_TestClass2 -->
