<?xml version="1.0" encoding="UTF-8"?>
<!-- Generated by org.testng.reporters.JUnitReportReporter -->
<testsuite hostname="DESKTOP-K4OMS1L" failures="0" tests="2" name="testNG.MethodClassAnnotations" time="0.030" errors="0" timestamp="28 Sep 2018 03:05:48 GMT" skipped="0">
  <testcase classname="testNG.MethodClassAnnotations" name="testMethod1" time="0.026"/>
  <testcase classname="testNG.MethodClassAnnotations" name="testMethod2" time="0.004"/>
</testsuite> <!-- testNG.MethodClassAnnotations -->
