<?xml version="1.0" encoding="UTF-8"?>
<!-- Generated by org.testng.reporters.JUnitReportReporter -->
<testsuite hostname="DESKTOP-K4OMS1L" failures="0" tests="1" name="testNGParametersAndParallels.TestNG_Parameters" time="0.015" errors="0" timestamp="04 Oct 2018 03:19:29 GMT" skipped="0">
  <testcase classname="testNGParametersAndParallels.TestNG_Parameters" name="testMethod1" time="0.015"/>
</testsuite> <!-- testNGParametersAndParallels.TestNG_Parameters -->
